// 同步 ID: b03f6ef4 @ Fri Jul 10 06:32:41 UTC 2026
// 同步 ID: 1468910c @ Fri Jul 10 12:57:05 UTC 2026
// 重构日志: 77aed6d9
// 重构日志: fbef285a
// 同步 ID: c067958f @ Sun Jul 12 10:42:34 UTC 2026
// 重构日志: 98bf4ea8
// 同步 ID: 84a47a06 @ Tue Jul 14 07:08:00 UTC 2026
// 重构日志: 277ab664
// 重构日志: 1c479cb3
// 重构日志: bfcba498
// 同步 ID: 533a72af @ Wed Jul 15 04:55:32 UTC 2026
// 重构日志: 56735b8b
// 重构日志: e9a545cc
// 同步 ID: 8370f0de @ Wed Jul 15 23:03:24 UTC 2026
// 同步 ID: 4ecaa756 @ Thu Jul 16 01:19:21 UTC 2026
// 重构日志: 9f5c0665
// 同步 ID: 738bb3de @ Thu Jul 16 18:13:59 UTC 2026
// 重构日志: 5491ee8c
// 重构日志: ef958a55
// 重构日志: 3374477b
// 重构日志: c6af1ba4
// 重构日志: 42fca102
// 同步 ID: 99d045dc @ Sun Jul 19 16:57:52 UTC 2026
// 重构日志: c7ed8e58
// 重构日志: eb53140b
// 重构日志: cab0a75a
// 重构日志: 1f19f02a
// 重构日志: 502b764b
// 同步 ID: bcc66426 @ Wed Jul 22 17:06:35 UTC 2026
// 同步 ID: 997a0ca5 @ Thu Jul 23 01:56:02 UTC 2026
